Build started 1/2/2011 5:03:10 AM.
     1>Project "C:\city17_source\SourceCode\source\src\CURL\lib\libcurl.vcxproj" on node 2 (rebuild target(s)).
     1>InitializeBuildStatus:
         Creating ".\Release\libcurl.unsuccessfulbuild" because "AlwaysCreate" was specified.
       ClCompile:
         C:\Program Files (x86)\Microsoft Visual Studio 10.0\VC\bin\CL.exe /c /I. /I..\include /Zi /nologo /W0 /WX- /O2 /Ob1 /Oy- /D WIN32 /D NDEBUG /D _WINDOWS /D _USRDLL /D BUILDING_LIBCURL /D CURL_STATICLIB /D HTTP_ONLY /D _VC80_UPGRADE=0x0600 /D _MBCS /GF /Gm- /EHsc /MT /GS /Gy /fp:precise /Zc:wchar_t /Zc:forScope /Fo".\Release/" /Fd".\Release/vc100.pdb" /FR".\Release\\" /Gd /TC /analyze- /errorReport:prompt base64.c connect.c content_encoding.c cookie.c curl_addrinfo.c curl_fnmatch.c curl_gethostname.c curl_memrchr.c curl_rand.c curl_rtmp.c curl_sspi.c curl_threads.c dict.c easy.c escape.c file.c fileinfo.c formdata.c ftp.c ftplistparser.c getenv.c getinfo.c gopher.c gtls.c hash.c hmac.c hostares.c hostasyn.c hostip4.c hostip6.c hostip.c hostsyn.c hostthre.c http.c http_chunks.c http_digest.c http_negotiate.c http_ntlm.c if2ip.c imap.c inet_ntop.c inet_pton.c krb4.c krb5.c ldap.c llist.c md4.c md5.c memdebug.c mprintf.c multi.c netrc.c nonblock.c nss.c openldap.c parsedate.c pingpong.c polarssl.c pop3.c progress.c qssl.c rawstr.c rtsp.c security.c select.c sendf.c share.c slist.c smtp.c socks.c socks_gssapi.c socks_sspi.c speedcheck.c splay.c ssh.c sslgen.c ssluse.c strdup.c strequal.c strerror.c strtok.c strtoofft.c telnet.c tftp.c timeval.c transfer.c url.c version.c warnless.c wildcard.c
         base64.c
         connect.c
         content_encoding.c
         cookie.c
         curl_addrinfo.c
         curl_fnmatch.c
         curl_gethostname.c
         curl_memrchr.c
         curl_rand.c
         curl_rtmp.c
         curl_sspi.c
         curl_threads.c
         dict.c
         easy.c
         escape.c
         file.c
         fileinfo.c
         formdata.c
         ftp.c
         ftplistparser.c
         Generating Code...
         Compiling...
         getenv.c
         getinfo.c
         gopher.c
         gtls.c
         hash.c
         hmac.c
         hostares.c
         hostasyn.c
         hostip4.c
         hostip6.c
         hostip.c
         hostsyn.c
         hostthre.c
         http.c
         http_chunks.c
         http_digest.c
         http_negotiate.c
         http_ntlm.c
         if2ip.c
         imap.c
         Generating Code...
         Compiling...
         inet_ntop.c
         inet_pton.c
         krb4.c
         krb5.c
         ldap.c
         llist.c
         md4.c
         md5.c
         memdebug.c
         mprintf.c
         multi.c
         netrc.c
         nonblock.c
         nss.c
         openldap.c
         parsedate.c
         pingpong.c
         polarssl.c
         pop3.c
         progress.c
         Generating Code...
         Compiling...
         qssl.c
         rawstr.c
         rtsp.c
         security.c
         select.c
         sendf.c
         share.c
         slist.c
         smtp.c
         socks.c
         socks_gssapi.c
         socks_sspi.c
         speedcheck.c
         splay.c
         ssh.c
         sslgen.c
         ssluse.c
         strdup.c
         strequal.c
         strerror.c
         Generating Code...
         Compiling...
         strtok.c
         strtoofft.c
         telnet.c
         tftp.c
         timeval.c
         transfer.c
         url.c
         version.c
         warnless.c
         wildcard.c
         Generating Code...
       Lib:
         C:\Program Files (x86)\Microsoft Visual Studio 10.0\VC\bin\Lib.exe /OUT:".\Release\libcurl.lib" /NOLOGO .\Release/base64.obj
         .\Release/connect.obj
         .\Release/content_encoding.obj
         .\Release/cookie.obj
         .\Release/curl_addrinfo.obj
         .\Release/curl_fnmatch.obj
         .\Release/curl_gethostname.obj
         .\Release/curl_memrchr.obj
         .\Release/curl_rand.obj
         .\Release/curl_rtmp.obj
         .\Release/curl_sspi.obj
         .\Release/curl_threads.obj
         .\Release/dict.obj
         .\Release/easy.obj
         .\Release/escape.obj
         .\Release/file.obj
         .\Release/fileinfo.obj
         .\Release/formdata.obj
         .\Release/ftp.obj
         .\Release/ftplistparser.obj
         .\Release/getenv.obj
         .\Release/getinfo.obj
         .\Release/gopher.obj
         .\Release/gtls.obj
         .\Release/hash.obj
         .\Release/hmac.obj
         .\Release/hostares.obj
         .\Release/hostasyn.obj
         .\Release/hostip4.obj
         .\Release/hostip6.obj
         .\Release/hostip.obj
         .\Release/hostsyn.obj
         .\Release/hostthre.obj
         .\Release/http.obj
         .\Release/http_chunks.obj
         .\Release/http_digest.obj
         .\Release/http_negotiate.obj
         .\Release/http_ntlm.obj
         .\Release/if2ip.obj
         .\Release/imap.obj
         .\Release/inet_ntop.obj
         .\Release/inet_pton.obj
         .\Release/krb4.obj
         .\Release/krb5.obj
         .\Release/ldap.obj
         .\Release/llist.obj
         .\Release/md4.obj
         .\Release/md5.obj
         .\Release/memdebug.obj
         .\Release/mprintf.obj
         .\Release/multi.obj
         .\Release/netrc.obj
         .\Release/nonblock.obj
         .\Release/nss.obj
         .\Release/openldap.obj
         .\Release/parsedate.obj
         .\Release/pingpong.obj
         .\Release/polarssl.obj
         .\Release/pop3.obj
         .\Release/progress.obj
         .\Release/qssl.obj
         .\Release/rawstr.obj
         .\Release/rtsp.obj
         .\Release/security.obj
         .\Release/select.obj
         .\Release/sendf.obj
         .\Release/share.obj
         .\Release/slist.obj
         .\Release/smtp.obj
         .\Release/socks.obj
         .\Release/socks_gssapi.obj
         .\Release/socks_sspi.obj
         .\Release/speedcheck.obj
         .\Release/splay.obj
         .\Release/ssh.obj
         .\Release/sslgen.obj
         .\Release/ssluse.obj
         .\Release/strdup.obj
         .\Release/strequal.obj
         .\Release/strerror.obj
         .\Release/strtok.obj
         .\Release/strtoofft.obj
         .\Release/telnet.obj
         .\Release/tftp.obj
         .\Release/timeval.obj
         .\Release/transfer.obj
         .\Release/url.obj
         .\Release/version.obj
         .\Release/warnless.obj
         .\Release/wildcard.obj
         libcurl.vcxproj -> C:\city17_source\SourceCode\source\src\CURL\lib\.\Release\libcurl.lib
       BscMake:
         C:\Program Files (x86)\Microsoft Visual Studio 10.0\VC\bin\bscmake.exe /nologo /o".\Release/libcurl.bsc" .\Release\base64.sbr .\Release\connect.sbr .\Release\content_encoding.sbr .\Release\cookie.sbr .\Release\curl_addrinfo.sbr .\Release\curl_fnmatch.sbr .\Release\curl_gethostname.sbr .\Release\curl_memrchr.sbr .\Release\curl_rand.sbr .\Release\curl_rtmp.sbr .\Release\curl_sspi.sbr .\Release\curl_threads.sbr .\Release\dict.sbr .\Release\easy.sbr .\Release\escape.sbr .\Release\file.sbr .\Release\fileinfo.sbr .\Release\formdata.sbr .\Release\ftp.sbr .\Release\ftplistparser.sbr .\Release\getenv.sbr .\Release\getinfo.sbr .\Release\gopher.sbr .\Release\gtls.sbr .\Release\hash.sbr .\Release\hmac.sbr .\Release\hostares.sbr .\Release\hostasyn.sbr .\Release\hostip4.sbr .\Release\hostip6.sbr .\Release\hostip.sbr .\Release\hostsyn.sbr .\Release\hostthre.sbr .\Release\http.sbr .\Release\http_chunks.sbr .\Release\http_digest.sbr .\Release\http_negotiate.sbr .\Release\http_ntlm.sbr .\Release\if2ip.sbr .\Release\imap.sbr .\Release\inet_ntop.sbr .\Release\inet_pton.sbr .\Release\krb4.sbr .\Release\krb5.sbr .\Release\ldap.sbr .\Release\llist.sbr .\Release\md4.sbr .\Release\md5.sbr .\Release\memdebug.sbr .\Release\mprintf.sbr .\Release\multi.sbr .\Release\netrc.sbr .\Release\nonblock.sbr .\Release\nss.sbr .\Release\openldap.sbr .\Release\parsedate.sbr .\Release\pingpong.sbr .\Release\polarssl.sbr .\Release\pop3.sbr .\Release\progress.sbr .\Release\qssl.sbr .\Release\rawstr.sbr .\Release\rtsp.sbr .\Release\security.sbr .\Release\select.sbr .\Release\sendf.sbr .\Release\share.sbr .\Release\slist.sbr .\Release\smtp.sbr .\Release\socks.sbr .\Release\socks_gssapi.sbr .\Release\socks_sspi.sbr .\Release\speedcheck.sbr .\Release\splay.sbr .\Release\ssh.sbr .\Release\sslgen.sbr .\Release\ssluse.sbr .\Release\strdup.sbr .\Release\strequal.sbr .\Release\strerror.sbr .\Release\strtok.sbr .\Release\strtoofft.sbr .\Release\telnet.sbr .\Release\tftp.sbr .\Release\timeval.sbr .\Release\transfer.sbr .\Release\url.sbr .\Release\version.sbr .\Release\warnless.sbr .\Release\wildcard.sbr
       FinalizeBuildStatus:
         Deleting file ".\Release\libcurl.unsuccessfulbuild".
         Touching ".\Release\libcurl.lastbuildstate".
     1>Done Building Project "C:\city17_source\SourceCode\source\src\CURL\lib\libcurl.vcxproj" (rebuild target(s)).

Build succeeded.

Time Elapsed 00:00:30.00
